# conda environments:
#
base                     /home/zwa281/miniconda
env                      /home/zwa281/miniconda/envs/env
myenv                 *  /home/zwa281/miniconda/envs/myenv

True
8
0
EPOCH 001: test_acc=0.6277, disc_loss=0.6914, cls_loss=2.4312, disc_acc=0.4576
EPOCH 002: test_acc=0.4377, disc_loss=0.6928, cls_loss=0.9930, disc_acc=0.5593
EPOCH 003: test_acc=0.4528, disc_loss=0.6892, cls_loss=1.0427, disc_acc=0.4915
EPOCH 004: test_acc=0.5233, disc_loss=0.6816, cls_loss=0.9195, disc_acc=0.5593
EPOCH 005: test_acc=0.5333, disc_loss=0.6750, cls_loss=0.7082, disc_acc=0.6949
EPOCH 006: test_acc=0.5585, disc_loss=0.6691, cls_loss=0.6811, disc_acc=0.6102
EPOCH 007: test_acc=0.6201, disc_loss=0.6600, cls_loss=0.5394, disc_acc=0.7119
EPOCH 008: test_acc=0.5736, disc_loss=0.6419, cls_loss=0.5055, disc_acc=0.6780
EPOCH 009: test_acc=0.5107, disc_loss=0.6097, cls_loss=0.4848, disc_acc=0.6780
EPOCH 010: test_acc=0.6013, disc_loss=0.5984, cls_loss=0.3547, disc_acc=0.7797
EPOCH 011: test_acc=0.5497, disc_loss=0.5626, cls_loss=0.2700, disc_acc=0.8136
EPOCH 012: test_acc=0.5799, disc_loss=0.5264, cls_loss=0.3064, disc_acc=0.7966
EPOCH 013: test_acc=0.5635, disc_loss=0.5060, cls_loss=0.2711, disc_acc=0.7797
EPOCH 014: test_acc=0.5849, disc_loss=0.4714, cls_loss=0.2504, disc_acc=0.7458
EPOCH 015: test_acc=0.6038, disc_loss=0.4600, cls_loss=0.2419, disc_acc=0.7797
EPOCH 016: test_acc=0.5597, disc_loss=0.4247, cls_loss=0.2073, disc_acc=0.8305
EPOCH 017: test_acc=0.5836, disc_loss=0.4384, cls_loss=0.2207, disc_acc=0.7966
EPOCH 018: test_acc=0.6189, disc_loss=0.3858, cls_loss=0.1702, disc_acc=0.8305
EPOCH 019: test_acc=0.6126, disc_loss=0.3693, cls_loss=0.1447, disc_acc=0.7966
EPOCH 020: test_acc=0.6352, disc_loss=0.3764, cls_loss=0.1462, disc_acc=0.8814
EPOCH 021: test_acc=0.6428, disc_loss=0.3572, cls_loss=0.1386, disc_acc=0.7966
EPOCH 022: test_acc=0.6164, disc_loss=0.3681, cls_loss=0.1119, disc_acc=0.8305
EPOCH 023: test_acc=0.5975, disc_loss=0.3722, cls_loss=0.1118, disc_acc=0.8475
EPOCH 024: test_acc=0.6088, disc_loss=0.3574, cls_loss=0.0973, disc_acc=0.7797
EPOCH 025: test_acc=0.6591, disc_loss=0.3417, cls_loss=0.1113, disc_acc=0.8814
EPOCH 026: test_acc=0.6654, disc_loss=0.3294, cls_loss=0.0888, disc_acc=0.8983
EPOCH 027: test_acc=0.6113, disc_loss=0.3480, cls_loss=0.0680, disc_acc=0.9322
EPOCH 028: test_acc=0.6629, disc_loss=0.3083, cls_loss=0.0578, disc_acc=0.8983
EPOCH 029: test_acc=0.6365, disc_loss=0.3158, cls_loss=0.0410, disc_acc=0.8136
EPOCH 030: test_acc=0.6226, disc_loss=0.2805, cls_loss=0.0739, disc_acc=0.8305
EPOCH 031: test_acc=0.6541, disc_loss=0.3188, cls_loss=0.0571, disc_acc=0.8814
EPOCH 032: test_acc=0.6629, disc_loss=0.3129, cls_loss=0.0313, disc_acc=0.8475
EPOCH 033: test_acc=0.6579, disc_loss=0.2780, cls_loss=0.0357, disc_acc=0.9492
EPOCH 034: test_acc=0.6843, disc_loss=0.2710, cls_loss=0.0388, disc_acc=0.7797
EPOCH 035: test_acc=0.6868, disc_loss=0.2585, cls_loss=0.0210, disc_acc=0.8983
EPOCH 036: test_acc=0.6855, disc_loss=0.3111, cls_loss=0.0211, disc_acc=0.8305
EPOCH 037: test_acc=0.6855, disc_loss=0.2557, cls_loss=0.0101, disc_acc=0.8814
EPOCH 038: test_acc=0.6780, disc_loss=0.2733, cls_loss=0.0224, disc_acc=0.8983
EPOCH 039: test_acc=0.6868, disc_loss=0.2737, cls_loss=0.0155, disc_acc=0.9322
EPOCH 040: test_acc=0.7031, disc_loss=0.3013, cls_loss=0.0139, disc_acc=0.8814
EPOCH 041: test_acc=0.6730, disc_loss=0.3071, cls_loss=0.0218, disc_acc=0.8983
EPOCH 042: test_acc=0.6893, disc_loss=0.3097, cls_loss=0.0128, disc_acc=0.9322
EPOCH 043: test_acc=0.7044, disc_loss=0.3100, cls_loss=0.0107, disc_acc=0.7627
EPOCH 044: test_acc=0.7031, disc_loss=0.3069, cls_loss=0.0241, disc_acc=0.8644
EPOCH 045: test_acc=0.6893, disc_loss=0.2915, cls_loss=0.0152, disc_acc=0.9153
EPOCH 046: test_acc=0.7006, disc_loss=0.3039, cls_loss=0.0249, disc_acc=0.8475
EPOCH 047: test_acc=0.7094, disc_loss=0.3115, cls_loss=0.0251, disc_acc=0.8814
EPOCH 048: test_acc=0.7107, disc_loss=0.3351, cls_loss=0.0410, disc_acc=0.8305
EPOCH 049: test_acc=0.7044, disc_loss=0.3385, cls_loss=0.0116, disc_acc=0.8475
EPOCH 050: test_acc=0.7182, disc_loss=0.3065, cls_loss=0.0129, disc_acc=0.8814
EPOCH 051: test_acc=0.7346, disc_loss=0.3250, cls_loss=0.0085, disc_acc=0.8983
EPOCH 052: test_acc=0.7182, disc_loss=0.3260, cls_loss=0.0132, disc_acc=0.7966
EPOCH 053: test_acc=0.7321, disc_loss=0.3075, cls_loss=0.0095, disc_acc=0.8983
EPOCH 054: test_acc=0.7220, disc_loss=0.3268, cls_loss=0.0080, disc_acc=0.8644
EPOCH 055: test_acc=0.7258, disc_loss=0.3149, cls_loss=0.0122, disc_acc=0.8814
EPOCH 056: test_acc=0.7296, disc_loss=0.3690, cls_loss=0.0131, disc_acc=0.7797
EPOCH 057: test_acc=0.7358, disc_loss=0.3561, cls_loss=0.0094, disc_acc=0.8814
EPOCH 058: test_acc=0.7447, disc_loss=0.3490, cls_loss=0.0037, disc_acc=0.7627
EPOCH 059: test_acc=0.7409, disc_loss=0.3460, cls_loss=0.0051, disc_acc=0.8644
EPOCH 060: test_acc=0.7396, disc_loss=0.3536, cls_loss=0.0071, disc_acc=0.7458
EPOCH 061: test_acc=0.7459, disc_loss=0.3569, cls_loss=0.0075, disc_acc=0.7797
EPOCH 062: test_acc=0.7509, disc_loss=0.3619, cls_loss=0.0057, disc_acc=0.8814
EPOCH 063: test_acc=0.7421, disc_loss=0.3587, cls_loss=0.0054, disc_acc=0.8983
EPOCH 064: test_acc=0.7459, disc_loss=0.3704, cls_loss=0.0050, disc_acc=0.7627
EPOCH 065: test_acc=0.7509, disc_loss=0.3779, cls_loss=0.0042, disc_acc=0.7627
EPOCH 066: test_acc=0.7447, disc_loss=0.3686, cls_loss=0.0032, disc_acc=0.8644
EPOCH 067: test_acc=0.7447, disc_loss=0.3920, cls_loss=0.0050, disc_acc=0.7797
EPOCH 068: test_acc=0.7434, disc_loss=0.4200, cls_loss=0.0063, disc_acc=0.8136
EPOCH 069: test_acc=0.7535, disc_loss=0.4264, cls_loss=0.0156, disc_acc=0.8644
EPOCH 070: test_acc=0.7421, disc_loss=0.4258, cls_loss=0.0069, disc_acc=0.7627
EPOCH 071: test_acc=0.7472, disc_loss=0.4257, cls_loss=0.0042, disc_acc=0.8305
EPOCH 072: test_acc=0.7447, disc_loss=0.4115, cls_loss=0.0042, disc_acc=0.8305
EPOCH 073: test_acc=0.7421, disc_loss=0.4181, cls_loss=0.0034, disc_acc=0.8136
EPOCH 074: test_acc=0.7472, disc_loss=0.4318, cls_loss=0.0038, disc_acc=0.7458
EPOCH 075: test_acc=0.7409, disc_loss=0.4628, cls_loss=0.0033, disc_acc=0.8475
EPOCH 076: test_acc=0.7384, disc_loss=0.4420, cls_loss=0.0036, disc_acc=0.8475
EPOCH 077: test_acc=0.7434, disc_loss=0.4493, cls_loss=0.0035, disc_acc=0.7797
EPOCH 078: test_acc=0.7409, disc_loss=0.4488, cls_loss=0.0050, disc_acc=0.8305
EPOCH 079: test_acc=0.7333, disc_loss=0.4792, cls_loss=0.0045, disc_acc=0.7458
EPOCH 080: test_acc=0.7396, disc_loss=0.4664, cls_loss=0.0090, disc_acc=0.8475
EPOCH 081: test_acc=0.7396, disc_loss=0.4784, cls_loss=0.0045, disc_acc=0.6949
EPOCH 082: test_acc=0.7396, disc_loss=0.4815, cls_loss=0.0075, disc_acc=0.7627
EPOCH 083: test_acc=0.7384, disc_loss=0.4689, cls_loss=0.0059, disc_acc=0.6949
EPOCH 084: test_acc=0.7346, disc_loss=0.4592, cls_loss=0.0041, disc_acc=0.8136
EPOCH 085: test_acc=0.7409, disc_loss=0.4821, cls_loss=0.0035, disc_acc=0.6949
EPOCH 086: test_acc=0.7346, disc_loss=0.4736, cls_loss=0.0038, disc_acc=0.7966
EPOCH 087: test_acc=0.7396, disc_loss=0.4803, cls_loss=0.0025, disc_acc=0.6441
EPOCH 088: test_acc=0.7434, disc_loss=0.4917, cls_loss=0.0059, disc_acc=0.6949
EPOCH 089: test_acc=0.7396, disc_loss=0.4899, cls_loss=0.0053, disc_acc=0.7458
EPOCH 090: test_acc=0.7371, disc_loss=0.4823, cls_loss=0.0034, disc_acc=0.7288
EPOCH 091: test_acc=0.7447, disc_loss=0.5053, cls_loss=0.0048, disc_acc=0.8136
EPOCH 092: test_acc=0.7358, disc_loss=0.5199, cls_loss=0.0029, disc_acc=0.7119
EPOCH 093: test_acc=0.7396, disc_loss=0.5006, cls_loss=0.0029, disc_acc=0.7797
EPOCH 094: test_acc=0.7321, disc_loss=0.4845, cls_loss=0.0027, disc_acc=0.7966
EPOCH 095: test_acc=0.7396, disc_loss=0.4908, cls_loss=0.0028, disc_acc=0.7797
EPOCH 096: test_acc=0.7371, disc_loss=0.5095, cls_loss=0.0034, disc_acc=0.7119
EPOCH 097: test_acc=0.7409, disc_loss=0.4936, cls_loss=0.0023, disc_acc=0.7627
EPOCH 098: test_acc=0.7409, disc_loss=0.5088, cls_loss=0.0026, disc_acc=0.7119
EPOCH 099: test_acc=0.7472, disc_loss=0.5063, cls_loss=0.0042, disc_acc=0.7458
EPOCH 100: test_acc=0.7434, disc_loss=0.5068, cls_loss=0.0025, disc_acc=0.7966
EPOCH 101: test_acc=0.7358, disc_loss=0.5387, cls_loss=0.0031, disc_acc=0.7458
EPOCH 102: test_acc=0.7384, disc_loss=0.5216, cls_loss=0.0023, disc_acc=0.7797
EPOCH 103: test_acc=0.7346, disc_loss=0.5261, cls_loss=0.0022, disc_acc=0.7119
EPOCH 104: test_acc=0.7371, disc_loss=0.5064, cls_loss=0.0037, disc_acc=0.8644
EPOCH 105: test_acc=0.7396, disc_loss=0.5437, cls_loss=0.0029, disc_acc=0.7119
EPOCH 106: test_acc=0.7371, disc_loss=0.5359, cls_loss=0.0031, disc_acc=0.6102
EPOCH 107: test_acc=0.7308, disc_loss=0.5128, cls_loss=0.0029, disc_acc=0.8136
EPOCH 108: test_acc=0.7358, disc_loss=0.5360, cls_loss=0.0031, disc_acc=0.6610
EPOCH 109: test_acc=0.7296, disc_loss=0.5247, cls_loss=0.0026, disc_acc=0.7288
EPOCH 110: test_acc=0.7308, disc_loss=0.5057, cls_loss=0.0022, disc_acc=0.7627
EPOCH 111: test_acc=0.7333, disc_loss=0.5280, cls_loss=0.0020, disc_acc=0.6441
EPOCH 112: test_acc=0.7358, disc_loss=0.5345, cls_loss=0.0023, disc_acc=0.7119
EPOCH 113: test_acc=0.7409, disc_loss=0.5381, cls_loss=0.0022, disc_acc=0.7119
EPOCH 114: test_acc=0.7296, disc_loss=0.5501, cls_loss=0.0021, disc_acc=0.7119
EPOCH 115: test_acc=0.7321, disc_loss=0.5335, cls_loss=0.0055, disc_acc=0.8305
EPOCH 116: test_acc=0.7258, disc_loss=0.5370, cls_loss=0.0061, disc_acc=0.7119
EPOCH 117: test_acc=0.7270, disc_loss=0.5502, cls_loss=0.0032, disc_acc=0.7458
EPOCH 118: test_acc=0.7396, disc_loss=0.5421, cls_loss=0.0034, disc_acc=0.6949
EPOCH 119: test_acc=0.7346, disc_loss=0.5532, cls_loss=0.0040, disc_acc=0.7288
EPOCH 120: test_acc=0.7409, disc_loss=0.5479, cls_loss=0.0048, disc_acc=0.7458
EPOCH 121: test_acc=0.7308, disc_loss=0.5416, cls_loss=0.0083, disc_acc=0.7119
EPOCH 122: test_acc=0.7346, disc_loss=0.5434, cls_loss=0.0042, disc_acc=0.8136
EPOCH 123: test_acc=0.7346, disc_loss=0.5460, cls_loss=0.0072, disc_acc=0.7797
EPOCH 124: test_acc=0.7270, disc_loss=0.5482, cls_loss=0.0035, disc_acc=0.7627
EPOCH 125: test_acc=0.7258, disc_loss=0.5634, cls_loss=0.0033, disc_acc=0.7288
EPOCH 126: test_acc=0.7270, disc_loss=0.5447, cls_loss=0.0018, disc_acc=0.6610
EPOCH 127: test_acc=0.7346, disc_loss=0.5550, cls_loss=0.0027, disc_acc=0.6271
EPOCH 128: test_acc=0.7358, disc_loss=0.5551, cls_loss=0.0037, disc_acc=0.6780
EPOCH 129: test_acc=0.7371, disc_loss=0.5624, cls_loss=0.0026, disc_acc=0.6610
EPOCH 130: test_acc=0.7358, disc_loss=0.5578, cls_loss=0.0016, disc_acc=0.6780
EPOCH 131: test_acc=0.7346, disc_loss=0.5444, cls_loss=0.0018, disc_acc=0.6780
EPOCH 132: test_acc=0.7409, disc_loss=0.5541, cls_loss=0.0022, disc_acc=0.7627
EPOCH 133: test_acc=0.7346, disc_loss=0.5426, cls_loss=0.0061, disc_acc=0.6949
EPOCH 134: test_acc=0.7358, disc_loss=0.5578, cls_loss=0.0049, disc_acc=0.5932
EPOCH 135: test_acc=0.7245, disc_loss=0.5543, cls_loss=0.0067, disc_acc=0.7627
EPOCH 136: test_acc=0.7333, disc_loss=0.5583, cls_loss=0.0032, disc_acc=0.7119
EPOCH 137: test_acc=0.7384, disc_loss=0.5398, cls_loss=0.0036, disc_acc=0.7288
EPOCH 138: test_acc=0.7308, disc_loss=0.5591, cls_loss=0.0079, disc_acc=0.7627
EPOCH 139: test_acc=0.7333, disc_loss=0.5640, cls_loss=0.0039, disc_acc=0.7288
EPOCH 140: test_acc=0.7258, disc_loss=0.5462, cls_loss=0.0029, disc_acc=0.7627
EPOCH 141: test_acc=0.7245, disc_loss=0.5298, cls_loss=0.0029, disc_acc=0.6610
EPOCH 142: test_acc=0.7358, disc_loss=0.5609, cls_loss=0.0020, disc_acc=0.6949
EPOCH 143: test_acc=0.7182, disc_loss=0.5465, cls_loss=0.0030, disc_acc=0.7288
EPOCH 144: test_acc=0.7346, disc_loss=0.5479, cls_loss=0.0025, disc_acc=0.6271
EPOCH 145: test_acc=0.7321, disc_loss=0.5520, cls_loss=0.0023, disc_acc=0.6949
EPOCH 146: test_acc=0.7245, disc_loss=0.5372, cls_loss=0.0022, disc_acc=0.7119
EPOCH 147: test_acc=0.7308, disc_loss=0.5530, cls_loss=0.0022, disc_acc=0.6610
EPOCH 148: test_acc=0.7258, disc_loss=0.5621, cls_loss=0.0017, disc_acc=0.6610
EPOCH 149: test_acc=0.7296, disc_loss=0.5368, cls_loss=0.0041, disc_acc=0.7458
EPOCH 150: test_acc=0.7358, disc_loss=0.5671, cls_loss=0.0050, disc_acc=0.7458
EPOCH 151: test_acc=0.7321, disc_loss=0.5483, cls_loss=0.0023, disc_acc=0.6441
EPOCH 152: test_acc=0.7245, disc_loss=0.5726, cls_loss=0.0050, disc_acc=0.6441
EPOCH 153: test_acc=0.7384, disc_loss=0.5787, cls_loss=0.0041, disc_acc=0.6271
EPOCH 154: test_acc=0.7447, disc_loss=0.5607, cls_loss=0.0019, disc_acc=0.7627
EPOCH 155: test_acc=0.7447, disc_loss=0.5897, cls_loss=0.0042, disc_acc=0.6271
EPOCH 156: test_acc=0.7283, disc_loss=0.5618, cls_loss=0.0045, disc_acc=0.7119
EPOCH 157: test_acc=0.7321, disc_loss=0.5550, cls_loss=0.0018, disc_acc=0.6780
EPOCH 158: test_acc=0.7358, disc_loss=0.5557, cls_loss=0.0029, disc_acc=0.7288
EPOCH 159: test_acc=0.7358, disc_loss=0.5598, cls_loss=0.0020, disc_acc=0.6949
EPOCH 160: test_acc=0.7233, disc_loss=0.5417, cls_loss=0.0021, disc_acc=0.7458
EPOCH 161: test_acc=0.7258, disc_loss=0.5507, cls_loss=0.0023, disc_acc=0.6949
EPOCH 162: test_acc=0.7308, disc_loss=0.5616, cls_loss=0.0030, disc_acc=0.7627
EPOCH 163: test_acc=0.7245, disc_loss=0.5620, cls_loss=0.0031, disc_acc=0.6949
EPOCH 164: test_acc=0.7220, disc_loss=0.5741, cls_loss=0.0038, disc_acc=0.8475
EPOCH 165: test_acc=0.7270, disc_loss=0.5491, cls_loss=0.0043, disc_acc=0.7797
EPOCH 166: test_acc=0.7270, disc_loss=0.5545, cls_loss=0.0020, disc_acc=0.7119
EPOCH 167: test_acc=0.7195, disc_loss=0.5636, cls_loss=0.0015, disc_acc=0.6949
EPOCH 168: test_acc=0.7245, disc_loss=0.5657, cls_loss=0.0018, disc_acc=0.7458
EPOCH 169: test_acc=0.7296, disc_loss=0.5528, cls_loss=0.0016, disc_acc=0.7288
EPOCH 170: test_acc=0.7208, disc_loss=0.5576, cls_loss=0.0020, disc_acc=0.7458
EPOCH 171: test_acc=0.7283, disc_loss=0.5574, cls_loss=0.0018, disc_acc=0.7458
EPOCH 172: test_acc=0.7308, disc_loss=0.5564, cls_loss=0.0017, disc_acc=0.5763
EPOCH 173: test_acc=0.7296, disc_loss=0.5670, cls_loss=0.0030, disc_acc=0.6780
EPOCH 174: test_acc=0.7321, disc_loss=0.5649, cls_loss=0.0023, disc_acc=0.8136
EPOCH 175: test_acc=0.7283, disc_loss=0.5577, cls_loss=0.0021, disc_acc=0.6441
EPOCH 176: test_acc=0.7333, disc_loss=0.5590, cls_loss=0.0029, disc_acc=0.6441
EPOCH 177: test_acc=0.7220, disc_loss=0.5700, cls_loss=0.0022, disc_acc=0.7288
EPOCH 178: test_acc=0.7321, disc_loss=0.5783, cls_loss=0.0046, disc_acc=0.7627
EPOCH 179: test_acc=0.7233, disc_loss=0.5802, cls_loss=0.0033, disc_acc=0.6780
EPOCH 180: test_acc=0.7182, disc_loss=0.5522, cls_loss=0.0017, disc_acc=0.8305
EPOCH 181: test_acc=0.7308, disc_loss=0.5576, cls_loss=0.0025, disc_acc=0.6780
EPOCH 182: test_acc=0.7145, disc_loss=0.5537, cls_loss=0.0021, disc_acc=0.7966
EPOCH 183: test_acc=0.7208, disc_loss=0.5615, cls_loss=0.0013, disc_acc=0.6780
EPOCH 184: test_acc=0.7220, disc_loss=0.5608, cls_loss=0.0016, disc_acc=0.6780
EPOCH 185: test_acc=0.7358, disc_loss=0.5656, cls_loss=0.0041, disc_acc=0.7458
EPOCH 186: test_acc=0.7346, disc_loss=0.5706, cls_loss=0.0016, disc_acc=0.6949
EPOCH 187: test_acc=0.7384, disc_loss=0.5811, cls_loss=0.0023, disc_acc=0.6610
EPOCH 188: test_acc=0.7371, disc_loss=0.5712, cls_loss=0.0022, disc_acc=0.6271
EPOCH 189: test_acc=0.7346, disc_loss=0.5805, cls_loss=0.0035, disc_acc=0.6610
EPOCH 190: test_acc=0.7384, disc_loss=0.5819, cls_loss=0.0019, disc_acc=0.6780
EPOCH 191: test_acc=0.7358, disc_loss=0.5744, cls_loss=0.0032, disc_acc=0.7288
EPOCH 192: test_acc=0.7346, disc_loss=0.5624, cls_loss=0.0013, disc_acc=0.7627
EPOCH 193: test_acc=0.7321, disc_loss=0.5758, cls_loss=0.0031, disc_acc=0.7458
EPOCH 194: test_acc=0.7296, disc_loss=0.5522, cls_loss=0.0010, disc_acc=0.7288
EPOCH 195: test_acc=0.7333, disc_loss=0.5680, cls_loss=0.0034, disc_acc=0.6441
EPOCH 196: test_acc=0.7321, disc_loss=0.5593, cls_loss=0.0029, disc_acc=0.5763
EPOCH 197: test_acc=0.7371, disc_loss=0.5711, cls_loss=0.0028, disc_acc=0.6102
EPOCH 198: test_acc=0.7321, disc_loss=0.5776, cls_loss=0.0022, disc_acc=0.5932
EPOCH 199: test_acc=0.7333, disc_loss=0.5801, cls_loss=0.0031, disc_acc=0.6271
EPOCH 200: test_acc=0.7358, disc_loss=0.5734, cls_loss=0.0020, disc_acc=0.6949
EPOCH 201: test_acc=0.7346, disc_loss=0.5667, cls_loss=0.0041, disc_acc=0.7458
EPOCH 202: test_acc=0.7346, disc_loss=0.5672, cls_loss=0.0015, disc_acc=0.6271
EPOCH 203: test_acc=0.7321, disc_loss=0.5786, cls_loss=0.0024, disc_acc=0.7119
EPOCH 204: test_acc=0.7308, disc_loss=0.5773, cls_loss=0.0038, disc_acc=0.6441
EPOCH 205: test_acc=0.7270, disc_loss=0.5790, cls_loss=0.0026, disc_acc=0.7627
EPOCH 206: test_acc=0.7296, disc_loss=0.5737, cls_loss=0.0024, disc_acc=0.7288
EPOCH 207: test_acc=0.7321, disc_loss=0.5717, cls_loss=0.0018, disc_acc=0.7966
EPOCH 208: test_acc=0.7283, disc_loss=0.5866, cls_loss=0.0011, disc_acc=0.6949
EPOCH 209: test_acc=0.7321, disc_loss=0.5756, cls_loss=0.0019, disc_acc=0.6949
EPOCH 210: test_acc=0.7333, disc_loss=0.5636, cls_loss=0.0015, disc_acc=0.6780
EPOCH 211: test_acc=0.7308, disc_loss=0.5734, cls_loss=0.0064, disc_acc=0.7119
EPOCH 212: test_acc=0.7283, disc_loss=0.5605, cls_loss=0.0022, disc_acc=0.7288
EPOCH 213: test_acc=0.7233, disc_loss=0.5682, cls_loss=0.0028, disc_acc=0.6949
EPOCH 214: test_acc=0.7346, disc_loss=0.5789, cls_loss=0.0020, disc_acc=0.8136
EPOCH 215: test_acc=0.7321, disc_loss=0.5692, cls_loss=0.0028, disc_acc=0.7119
EPOCH 216: test_acc=0.7245, disc_loss=0.5649, cls_loss=0.0026, disc_acc=0.7288
EPOCH 217: test_acc=0.7308, disc_loss=0.5732, cls_loss=0.0023, disc_acc=0.7288
EPOCH 218: test_acc=0.7333, disc_loss=0.5760, cls_loss=0.0022, disc_acc=0.7627
EPOCH 219: test_acc=0.7308, disc_loss=0.5831, cls_loss=0.0027, disc_acc=0.6949
EPOCH 220: test_acc=0.7371, disc_loss=0.5593, cls_loss=0.0015, disc_acc=0.6949
EPOCH 221: test_acc=0.7346, disc_loss=0.5810, cls_loss=0.0032, disc_acc=0.7119
EPOCH 222: test_acc=0.7371, disc_loss=0.5720, cls_loss=0.0014, disc_acc=0.6441
EPOCH 223: test_acc=0.7409, disc_loss=0.5732, cls_loss=0.0016, disc_acc=0.7797
EPOCH 224: test_acc=0.7346, disc_loss=0.5804, cls_loss=0.0014, disc_acc=0.7458
EPOCH 225: test_acc=0.7258, disc_loss=0.5917, cls_loss=0.0018, disc_acc=0.7288
EPOCH 226: test_acc=0.7346, disc_loss=0.5883, cls_loss=0.0016, disc_acc=0.6102
EPOCH 227: test_acc=0.7333, disc_loss=0.5837, cls_loss=0.0017, disc_acc=0.6949
EPOCH 228: test_acc=0.7296, disc_loss=0.5775, cls_loss=0.0022, disc_acc=0.7458
EPOCH 229: test_acc=0.7296, disc_loss=0.5720, cls_loss=0.0012, disc_acc=0.7119
EPOCH 230: test_acc=0.7371, disc_loss=0.5942, cls_loss=0.0016, disc_acc=0.6610
EPOCH 231: test_acc=0.7333, disc_loss=0.5747, cls_loss=0.0034, disc_acc=0.8305
EPOCH 232: test_acc=0.7358, disc_loss=0.5864, cls_loss=0.0017, disc_acc=0.6780
EPOCH 233: test_acc=0.7346, disc_loss=0.5724, cls_loss=0.0018, disc_acc=0.7119
EPOCH 234: test_acc=0.7346, disc_loss=0.5780, cls_loss=0.0022, disc_acc=0.7627
EPOCH 235: test_acc=0.7384, disc_loss=0.5814, cls_loss=0.0021, disc_acc=0.6949
EPOCH 236: test_acc=0.7384, disc_loss=0.6000, cls_loss=0.0023, disc_acc=0.5763
EPOCH 237: test_acc=0.7371, disc_loss=0.5929, cls_loss=0.0036, disc_acc=0.7119
EPOCH 238: test_acc=0.7421, disc_loss=0.5860, cls_loss=0.0022, disc_acc=0.6610
EPOCH 239: test_acc=0.7371, disc_loss=0.5805, cls_loss=0.0014, disc_acc=0.7119
EPOCH 240: test_acc=0.7371, disc_loss=0.5947, cls_loss=0.0042, disc_acc=0.5254
EPOCH 241: test_acc=0.7421, disc_loss=0.5814, cls_loss=0.0032, disc_acc=0.7458
EPOCH 242: test_acc=0.7346, disc_loss=0.5861, cls_loss=0.0052, disc_acc=0.6441
EPOCH 243: test_acc=0.7308, disc_loss=0.5928, cls_loss=0.0020, disc_acc=0.6441
EPOCH 244: test_acc=0.7346, disc_loss=0.5817, cls_loss=0.0019, disc_acc=0.6441
EPOCH 245: test_acc=0.7308, disc_loss=0.5811, cls_loss=0.0023, disc_acc=0.7119
EPOCH 246: test_acc=0.7371, disc_loss=0.5840, cls_loss=0.0016, disc_acc=0.6780
EPOCH 247: test_acc=0.7333, disc_loss=0.5781, cls_loss=0.0047, disc_acc=0.6271
EPOCH 248: test_acc=0.7270, disc_loss=0.5805, cls_loss=0.0023, disc_acc=0.7288
EPOCH 249: test_acc=0.7258, disc_loss=0.5829, cls_loss=0.0020, disc_acc=0.7458
EPOCH 250: test_acc=0.7308, disc_loss=0.5810, cls_loss=0.0024, disc_acc=0.7119
EPOCH 251: test_acc=0.7346, disc_loss=0.5905, cls_loss=0.0029, disc_acc=0.6271
EPOCH 252: test_acc=0.7270, disc_loss=0.5911, cls_loss=0.0018, disc_acc=0.6271
EPOCH 253: test_acc=0.7346, disc_loss=0.5831, cls_loss=0.0037, disc_acc=0.7119
EPOCH 254: test_acc=0.7321, disc_loss=0.6016, cls_loss=0.0015, disc_acc=0.6610
EPOCH 255: test_acc=0.7321, disc_loss=0.5990, cls_loss=0.0037, disc_acc=0.6610
EPOCH 256: test_acc=0.7421, disc_loss=0.5895, cls_loss=0.0073, disc_acc=0.7288
EPOCH 257: test_acc=0.7371, disc_loss=0.5797, cls_loss=0.0021, disc_acc=0.6271
EPOCH 258: test_acc=0.7358, disc_loss=0.6021, cls_loss=0.0022, disc_acc=0.6441
EPOCH 259: test_acc=0.7421, disc_loss=0.5925, cls_loss=0.0019, disc_acc=0.8305
EPOCH 260: test_acc=0.7358, disc_loss=0.5905, cls_loss=0.0039, disc_acc=0.7627
EPOCH 261: test_acc=0.7409, disc_loss=0.5837, cls_loss=0.0016, disc_acc=0.6441
EPOCH 262: test_acc=0.7434, disc_loss=0.5890, cls_loss=0.0016, disc_acc=0.7458
EPOCH 263: test_acc=0.7384, disc_loss=0.5891, cls_loss=0.0022, disc_acc=0.7458
EPOCH 264: test_acc=0.7421, disc_loss=0.5806, cls_loss=0.0020, disc_acc=0.6610
EPOCH 265: test_acc=0.7434, disc_loss=0.5857, cls_loss=0.0013, disc_acc=0.6949
EPOCH 266: test_acc=0.7459, disc_loss=0.5996, cls_loss=0.0010, disc_acc=0.6441
EPOCH 267: test_acc=0.7447, disc_loss=0.5962, cls_loss=0.0017, disc_acc=0.6441
EPOCH 268: test_acc=0.7409, disc_loss=0.5764, cls_loss=0.0033, disc_acc=0.6102
EPOCH 269: test_acc=0.7384, disc_loss=0.5939, cls_loss=0.0031, disc_acc=0.6441
EPOCH 270: test_acc=0.7409, disc_loss=0.5869, cls_loss=0.0014, disc_acc=0.6610
EPOCH 271: test_acc=0.7497, disc_loss=0.6055, cls_loss=0.0028, disc_acc=0.6949
EPOCH 272: test_acc=0.7434, disc_loss=0.5901, cls_loss=0.0023, disc_acc=0.5932
EPOCH 273: test_acc=0.7421, disc_loss=0.5902, cls_loss=0.0042, disc_acc=0.6780
EPOCH 274: test_acc=0.7396, disc_loss=0.6039, cls_loss=0.0019, disc_acc=0.6949
EPOCH 275: test_acc=0.7321, disc_loss=0.5851, cls_loss=0.0010, disc_acc=0.7458
EPOCH 276: test_acc=0.7472, disc_loss=0.5912, cls_loss=0.0020, disc_acc=0.6610
EPOCH 277: test_acc=0.7333, disc_loss=0.5861, cls_loss=0.0018, disc_acc=0.6271
EPOCH 278: test_acc=0.7358, disc_loss=0.5857, cls_loss=0.0012, disc_acc=0.6441
EPOCH 279: test_acc=0.7371, disc_loss=0.6025, cls_loss=0.0023, disc_acc=0.7119
EPOCH 280: test_acc=0.7333, disc_loss=0.5841, cls_loss=0.0014, disc_acc=0.5763
EPOCH 281: test_acc=0.7396, disc_loss=0.6033, cls_loss=0.0023, disc_acc=0.5763
EPOCH 282: test_acc=0.7371, disc_loss=0.6009, cls_loss=0.0011, disc_acc=0.7797
EPOCH 283: test_acc=0.7409, disc_loss=0.5995, cls_loss=0.0022, disc_acc=0.7119
EPOCH 284: test_acc=0.7421, disc_loss=0.5924, cls_loss=0.0020, disc_acc=0.5932
EPOCH 285: test_acc=0.7447, disc_loss=0.5912, cls_loss=0.0016, disc_acc=0.7458
EPOCH 286: test_acc=0.7371, disc_loss=0.6099, cls_loss=0.0032, disc_acc=0.7119
EPOCH 287: test_acc=0.7409, disc_loss=0.5969, cls_loss=0.0029, disc_acc=0.7288
EPOCH 288: test_acc=0.7358, disc_loss=0.5928, cls_loss=0.0010, disc_acc=0.6610
EPOCH 289: test_acc=0.7447, disc_loss=0.6017, cls_loss=0.0013, disc_acc=0.7797
EPOCH 290: test_acc=0.7421, disc_loss=0.5873, cls_loss=0.0011, disc_acc=0.6949
EPOCH 291: test_acc=0.7396, disc_loss=0.5938, cls_loss=0.0021, disc_acc=0.6610
EPOCH 292: test_acc=0.7396, disc_loss=0.5872, cls_loss=0.0027, disc_acc=0.7797
EPOCH 293: test_acc=0.7434, disc_loss=0.5970, cls_loss=0.0041, disc_acc=0.5932
EPOCH 294: test_acc=0.7434, disc_loss=0.5961, cls_loss=0.0015, disc_acc=0.5593
EPOCH 295: test_acc=0.7396, disc_loss=0.5925, cls_loss=0.0013, disc_acc=0.5424
EPOCH 296: test_acc=0.7396, disc_loss=0.6019, cls_loss=0.0011, disc_acc=0.7458
EPOCH 297: test_acc=0.7409, disc_loss=0.5874, cls_loss=0.0036, disc_acc=0.6271
EPOCH 298: test_acc=0.7472, disc_loss=0.6209, cls_loss=0.0016, disc_acc=0.7288
EPOCH 299: test_acc=0.7459, disc_loss=0.5862, cls_loss=0.0017, disc_acc=0.5763
EPOCH 300: test_acc=0.7459, disc_loss=0.6128, cls_loss=0.0024, disc_acc=0.7627
EPOCH 301: test_acc=0.7396, disc_loss=0.6129, cls_loss=0.0021, disc_acc=0.7119
EPOCH 302: test_acc=0.7434, disc_loss=0.6091, cls_loss=0.0012, disc_acc=0.6441
EPOCH 303: test_acc=0.7434, disc_loss=0.6004, cls_loss=0.0023, disc_acc=0.6780
EPOCH 304: test_acc=0.7459, disc_loss=0.5910, cls_loss=0.0017, disc_acc=0.7458
EPOCH 305: test_acc=0.7434, disc_loss=0.6147, cls_loss=0.0020, disc_acc=0.6102
EPOCH 306: test_acc=0.7434, disc_loss=0.6007, cls_loss=0.0013, disc_acc=0.6102
EPOCH 307: test_acc=0.7434, disc_loss=0.6027, cls_loss=0.0020, disc_acc=0.6610
EPOCH 308: test_acc=0.7497, disc_loss=0.6022, cls_loss=0.0015, disc_acc=0.6102
EPOCH 309: test_acc=0.7459, disc_loss=0.6078, cls_loss=0.0013, disc_acc=0.7119
EPOCH 310: test_acc=0.7434, disc_loss=0.6237, cls_loss=0.0021, disc_acc=0.5593
EPOCH 311: test_acc=0.7472, disc_loss=0.6272, cls_loss=0.0024, disc_acc=0.6610
EPOCH 312: test_acc=0.7447, disc_loss=0.6076, cls_loss=0.0011, disc_acc=0.6610
EPOCH 313: test_acc=0.7434, disc_loss=0.5891, cls_loss=0.0011, disc_acc=0.6102
EPOCH 314: test_acc=0.7434, disc_loss=0.6068, cls_loss=0.0017, disc_acc=0.6949
EPOCH 315: test_acc=0.7384, disc_loss=0.6109, cls_loss=0.0016, disc_acc=0.6610
EPOCH 316: test_acc=0.7484, disc_loss=0.6061, cls_loss=0.0018, disc_acc=0.6780
EPOCH 317: test_acc=0.7484, disc_loss=0.5972, cls_loss=0.0026, disc_acc=0.6949
EPOCH 318: test_acc=0.7434, disc_loss=0.6064, cls_loss=0.0015, disc_acc=0.6949
EPOCH 319: test_acc=0.7434, disc_loss=0.6201, cls_loss=0.0049, disc_acc=0.7119
EPOCH 320: test_acc=0.7459, disc_loss=0.6173, cls_loss=0.0020, disc_acc=0.6780
EPOCH 321: test_acc=0.7409, disc_loss=0.6100, cls_loss=0.0018, disc_acc=0.5932
EPOCH 322: test_acc=0.7384, disc_loss=0.6151, cls_loss=0.0040, disc_acc=0.6441
EPOCH 323: test_acc=0.7396, disc_loss=0.6163, cls_loss=0.0025, disc_acc=0.6271
EPOCH 324: test_acc=0.7396, disc_loss=0.6073, cls_loss=0.0014, disc_acc=0.5932
EPOCH 325: test_acc=0.7396, disc_loss=0.6136, cls_loss=0.0034, disc_acc=0.6441
EPOCH 326: test_acc=0.7434, disc_loss=0.6106, cls_loss=0.0021, disc_acc=0.6949
EPOCH 327: test_acc=0.7472, disc_loss=0.6117, cls_loss=0.0034, disc_acc=0.6271
EPOCH 328: test_acc=0.7447, disc_loss=0.5932, cls_loss=0.0018, disc_acc=0.5424
EPOCH 329: test_acc=0.7447, disc_loss=0.6157, cls_loss=0.0043, disc_acc=0.5932
EPOCH 330: test_acc=0.7421, disc_loss=0.6005, cls_loss=0.0016, disc_acc=0.7119
EPOCH 331: test_acc=0.7384, disc_loss=0.6214, cls_loss=0.0014, disc_acc=0.6102
EPOCH 332: test_acc=0.7384, disc_loss=0.6184, cls_loss=0.0022, disc_acc=0.5424
EPOCH 333: test_acc=0.7321, disc_loss=0.6216, cls_loss=0.0015, disc_acc=0.6441
EPOCH 334: test_acc=0.7409, disc_loss=0.6257, cls_loss=0.0015, disc_acc=0.6780
EPOCH 335: test_acc=0.7447, disc_loss=0.6265, cls_loss=0.0013, disc_acc=0.6780
EPOCH 336: test_acc=0.7384, disc_loss=0.6231, cls_loss=0.0011, disc_acc=0.6949
EPOCH 337: test_acc=0.7447, disc_loss=0.6182, cls_loss=0.0013, disc_acc=0.6271
EPOCH 338: test_acc=0.7434, disc_loss=0.6141, cls_loss=0.0030, disc_acc=0.7119
EPOCH 339: test_acc=0.7447, disc_loss=0.6185, cls_loss=0.0018, disc_acc=0.5763
EPOCH 340: test_acc=0.7447, disc_loss=0.5996, cls_loss=0.0010, disc_acc=0.6780
EPOCH 341: test_acc=0.7371, disc_loss=0.6147, cls_loss=0.0014, disc_acc=0.6102
EPOCH 342: test_acc=0.7384, disc_loss=0.6126, cls_loss=0.0017, disc_acc=0.6441
EPOCH 343: test_acc=0.7396, disc_loss=0.6129, cls_loss=0.0020, disc_acc=0.6949
EPOCH 344: test_acc=0.7409, disc_loss=0.6104, cls_loss=0.0014, disc_acc=0.7797
EPOCH 345: test_acc=0.7346, disc_loss=0.6205, cls_loss=0.0019, disc_acc=0.6780
EPOCH 346: test_acc=0.7421, disc_loss=0.6137, cls_loss=0.0023, disc_acc=0.7627
EPOCH 347: test_acc=0.7409, disc_loss=0.6196, cls_loss=0.0022, disc_acc=0.7119
EPOCH 348: test_acc=0.7434, disc_loss=0.6172, cls_loss=0.0015, disc_acc=0.6441
EPOCH 349: test_acc=0.7409, disc_loss=0.6082, cls_loss=0.0024, disc_acc=0.7458
EPOCH 350: test_acc=0.7396, disc_loss=0.6171, cls_loss=0.0010, disc_acc=0.7119
EPOCH 351: test_acc=0.7371, disc_loss=0.6231, cls_loss=0.0012, disc_acc=0.6441
EPOCH 352: test_acc=0.7396, disc_loss=0.6215, cls_loss=0.0017, disc_acc=0.6610
EPOCH 353: test_acc=0.7358, disc_loss=0.6091, cls_loss=0.0037, disc_acc=0.7288
EPOCH 354: test_acc=0.7396, disc_loss=0.6221, cls_loss=0.0019, disc_acc=0.6780
EPOCH 355: test_acc=0.7434, disc_loss=0.6076, cls_loss=0.0020, disc_acc=0.6102
EPOCH 356: test_acc=0.7384, disc_loss=0.6109, cls_loss=0.0018, disc_acc=0.7966
EPOCH 357: test_acc=0.7434, disc_loss=0.6178, cls_loss=0.0025, disc_acc=0.5763
EPOCH 358: test_acc=0.7447, disc_loss=0.6241, cls_loss=0.0018, disc_acc=0.6102
EPOCH 359: test_acc=0.7447, disc_loss=0.6124, cls_loss=0.0015, disc_acc=0.6949
EPOCH 360: test_acc=0.7421, disc_loss=0.6086, cls_loss=0.0025, disc_acc=0.7458
EPOCH 361: test_acc=0.7421, disc_loss=0.6107, cls_loss=0.0015, disc_acc=0.5763
EPOCH 362: test_acc=0.7333, disc_loss=0.6028, cls_loss=0.0036, disc_acc=0.7119
EPOCH 363: test_acc=0.7447, disc_loss=0.6077, cls_loss=0.0019, disc_acc=0.5932
EPOCH 364: test_acc=0.7371, disc_loss=0.6217, cls_loss=0.0008, disc_acc=0.6949
EPOCH 365: test_acc=0.7396, disc_loss=0.6207, cls_loss=0.0017, disc_acc=0.6780
EPOCH 366: test_acc=0.7346, disc_loss=0.6189, cls_loss=0.0011, disc_acc=0.7627
EPOCH 367: test_acc=0.7396, disc_loss=0.6278, cls_loss=0.0013, disc_acc=0.6102
EPOCH 368: test_acc=0.7434, disc_loss=0.6119, cls_loss=0.0017, disc_acc=0.6441
EPOCH 369: test_acc=0.7434, disc_loss=0.6221, cls_loss=0.0009, disc_acc=0.7288
EPOCH 370: test_acc=0.7421, disc_loss=0.6129, cls_loss=0.0011, disc_acc=0.7119
EPOCH 371: test_acc=0.7358, disc_loss=0.6176, cls_loss=0.0019, disc_acc=0.6610
EPOCH 372: test_acc=0.7421, disc_loss=0.6258, cls_loss=0.0020, disc_acc=0.7288
EPOCH 373: test_acc=0.7409, disc_loss=0.6216, cls_loss=0.0010, disc_acc=0.6780
EPOCH 374: test_acc=0.7447, disc_loss=0.6165, cls_loss=0.0020, disc_acc=0.7797
EPOCH 375: test_acc=0.7421, disc_loss=0.6260, cls_loss=0.0023, disc_acc=0.6949
EPOCH 376: test_acc=0.7447, disc_loss=0.6371, cls_loss=0.0012, disc_acc=0.7627
EPOCH 377: test_acc=0.7459, disc_loss=0.6176, cls_loss=0.0008, disc_acc=0.6949
EPOCH 378: test_acc=0.7409, disc_loss=0.6150, cls_loss=0.0013, disc_acc=0.7797
EPOCH 379: test_acc=0.7434, disc_loss=0.6285, cls_loss=0.0017, disc_acc=0.6441
EPOCH 380: test_acc=0.7472, disc_loss=0.6321, cls_loss=0.0028, disc_acc=0.6102
EPOCH 381: test_acc=0.7421, disc_loss=0.6271, cls_loss=0.0018, disc_acc=0.7119
EPOCH 382: test_acc=0.7396, disc_loss=0.6201, cls_loss=0.0014, disc_acc=0.6610
EPOCH 383: test_acc=0.7447, disc_loss=0.6344, cls_loss=0.0014, disc_acc=0.6610
EPOCH 384: test_acc=0.7472, disc_loss=0.6171, cls_loss=0.0015, disc_acc=0.6441
EPOCH 385: test_acc=0.7409, disc_loss=0.6326, cls_loss=0.0032, disc_acc=0.6102
EPOCH 386: test_acc=0.7447, disc_loss=0.6199, cls_loss=0.0011, disc_acc=0.6271
EPOCH 387: test_acc=0.7434, disc_loss=0.6350, cls_loss=0.0009, disc_acc=0.6441
EPOCH 388: test_acc=0.7409, disc_loss=0.6167, cls_loss=0.0012, disc_acc=0.6441
EPOCH 389: test_acc=0.7409, disc_loss=0.6136, cls_loss=0.0014, disc_acc=0.4746
EPOCH 390: test_acc=0.7421, disc_loss=0.6302, cls_loss=0.0029, disc_acc=0.5932
EPOCH 391: test_acc=0.7421, disc_loss=0.6003, cls_loss=0.0007, disc_acc=0.7288
EPOCH 392: test_acc=0.7434, disc_loss=0.6323, cls_loss=0.0025, disc_acc=0.6780
EPOCH 393: test_acc=0.7396, disc_loss=0.6211, cls_loss=0.0013, disc_acc=0.6271
EPOCH 394: test_acc=0.7384, disc_loss=0.6288, cls_loss=0.0010, disc_acc=0.6271
EPOCH 395: test_acc=0.7434, disc_loss=0.6310, cls_loss=0.0012, disc_acc=0.6441
EPOCH 396: test_acc=0.7472, disc_loss=0.6214, cls_loss=0.0011, disc_acc=0.6780
EPOCH 397: test_acc=0.7472, disc_loss=0.6258, cls_loss=0.0012, disc_acc=0.6102
EPOCH 398: test_acc=0.7447, disc_loss=0.6320, cls_loss=0.0028, disc_acc=0.6610
EPOCH 399: test_acc=0.7396, disc_loss=0.6186, cls_loss=0.0009, disc_acc=0.7627
EPOCH 400: test_acc=0.7522, disc_loss=0.6270, cls_loss=0.0012, disc_acc=0.5763
EPOCH 401: test_acc=0.7472, disc_loss=0.6314, cls_loss=0.0020, disc_acc=0.6441
EPOCH 402: test_acc=0.7447, disc_loss=0.6251, cls_loss=0.0010, disc_acc=0.6102
EPOCH 403: test_acc=0.7434, disc_loss=0.6332, cls_loss=0.0036, disc_acc=0.6949
EPOCH 404: test_acc=0.7472, disc_loss=0.6382, cls_loss=0.0012, disc_acc=0.6949
EPOCH 405: test_acc=0.7459, disc_loss=0.6306, cls_loss=0.0017, disc_acc=0.6271
EPOCH 406: test_acc=0.7459, disc_loss=0.6279, cls_loss=0.0034, disc_acc=0.5593
EPOCH 407: test_acc=0.7497, disc_loss=0.6199, cls_loss=0.0015, disc_acc=0.7119
EPOCH 408: test_acc=0.7484, disc_loss=0.6204, cls_loss=0.0018, disc_acc=0.6441
EPOCH 409: test_acc=0.7522, disc_loss=0.6279, cls_loss=0.0021, disc_acc=0.6610
EPOCH 410: test_acc=0.7535, disc_loss=0.6327, cls_loss=0.0017, disc_acc=0.6780
EPOCH 411: test_acc=0.7484, disc_loss=0.6260, cls_loss=0.0021, disc_acc=0.6949
EPOCH 412: test_acc=0.7484, disc_loss=0.6292, cls_loss=0.0062, disc_acc=0.6610
EPOCH 413: test_acc=0.7535, disc_loss=0.6223, cls_loss=0.0014, disc_acc=0.7627
EPOCH 414: test_acc=0.7509, disc_loss=0.6297, cls_loss=0.0009, disc_acc=0.6610
EPOCH 415: test_acc=0.7447, disc_loss=0.6223, cls_loss=0.0017, disc_acc=0.6102
EPOCH 416: test_acc=0.7560, disc_loss=0.6314, cls_loss=0.0020, disc_acc=0.5932
EPOCH 417: test_acc=0.7535, disc_loss=0.6274, cls_loss=0.0013, disc_acc=0.7288
EPOCH 418: test_acc=0.7497, disc_loss=0.6291, cls_loss=0.0014, disc_acc=0.7119
EPOCH 419: test_acc=0.7472, disc_loss=0.6320, cls_loss=0.0008, disc_acc=0.5424
EPOCH 420: test_acc=0.7509, disc_loss=0.6406, cls_loss=0.0023, disc_acc=0.6441
EPOCH 421: test_acc=0.7484, disc_loss=0.6335, cls_loss=0.0021, disc_acc=0.6271
EPOCH 422: test_acc=0.7459, disc_loss=0.6297, cls_loss=0.0010, disc_acc=0.6610
EPOCH 423: test_acc=0.7497, disc_loss=0.6305, cls_loss=0.0012, disc_acc=0.6441
EPOCH 424: test_acc=0.7459, disc_loss=0.6217, cls_loss=0.0010, disc_acc=0.6441
EPOCH 425: test_acc=0.7459, disc_loss=0.6298, cls_loss=0.0014, disc_acc=0.6610
EPOCH 426: test_acc=0.7484, disc_loss=0.6306, cls_loss=0.0011, disc_acc=0.6271
EPOCH 427: test_acc=0.7509, disc_loss=0.6331, cls_loss=0.0028, disc_acc=0.6102
EPOCH 428: test_acc=0.7459, disc_loss=0.6188, cls_loss=0.0014, disc_acc=0.7288
EPOCH 429: test_acc=0.7472, disc_loss=0.6455, cls_loss=0.0018, disc_acc=0.6780
EPOCH 430: test_acc=0.7421, disc_loss=0.6168, cls_loss=0.0041, disc_acc=0.6949
EPOCH 431: test_acc=0.7358, disc_loss=0.6203, cls_loss=0.0019, disc_acc=0.6949
EPOCH 432: test_acc=0.7396, disc_loss=0.6364, cls_loss=0.0013, disc_acc=0.6610
EPOCH 433: test_acc=0.7371, disc_loss=0.6247, cls_loss=0.0033, disc_acc=0.6780
EPOCH 434: test_acc=0.7409, disc_loss=0.6377, cls_loss=0.0017, disc_acc=0.6271
EPOCH 435: test_acc=0.7371, disc_loss=0.6265, cls_loss=0.0008, disc_acc=0.7288
EPOCH 436: test_acc=0.7396, disc_loss=0.6272, cls_loss=0.0012, disc_acc=0.6102
EPOCH 437: test_acc=0.7409, disc_loss=0.6225, cls_loss=0.0010, disc_acc=0.6271
EPOCH 438: test_acc=0.7434, disc_loss=0.6231, cls_loss=0.0018, disc_acc=0.7119
EPOCH 439: test_acc=0.7384, disc_loss=0.6349, cls_loss=0.0024, disc_acc=0.7288
EPOCH 440: test_acc=0.7396, disc_loss=0.6321, cls_loss=0.0014, disc_acc=0.7119
EPOCH 441: test_acc=0.7421, disc_loss=0.6352, cls_loss=0.0018, disc_acc=0.6271
EPOCH 442: test_acc=0.7384, disc_loss=0.6336, cls_loss=0.0013, disc_acc=0.5763
EPOCH 443: test_acc=0.7384, disc_loss=0.6286, cls_loss=0.0007, disc_acc=0.6949
EPOCH 444: test_acc=0.7358, disc_loss=0.6292, cls_loss=0.0008, disc_acc=0.7119
EPOCH 445: test_acc=0.7434, disc_loss=0.6274, cls_loss=0.0014, disc_acc=0.5593
EPOCH 446: test_acc=0.7371, disc_loss=0.6394, cls_loss=0.0007, disc_acc=0.7119
EPOCH 447: test_acc=0.7371, disc_loss=0.6370, cls_loss=0.0008, disc_acc=0.5932
EPOCH 448: test_acc=0.7358, disc_loss=0.6425, cls_loss=0.0023, disc_acc=0.5932
EPOCH 449: test_acc=0.7421, disc_loss=0.6310, cls_loss=0.0013, disc_acc=0.6441
EPOCH 450: test_acc=0.7371, disc_loss=0.6429, cls_loss=0.0018, disc_acc=0.6610
EPOCH 451: test_acc=0.7371, disc_loss=0.6455, cls_loss=0.0012, disc_acc=0.5763
EPOCH 452: test_acc=0.7421, disc_loss=0.6378, cls_loss=0.0012, disc_acc=0.6949
EPOCH 453: test_acc=0.7396, disc_loss=0.6433, cls_loss=0.0036, disc_acc=0.6102
EPOCH 454: test_acc=0.7396, disc_loss=0.6332, cls_loss=0.0012, disc_acc=0.6610
EPOCH 455: test_acc=0.7409, disc_loss=0.6303, cls_loss=0.0015, disc_acc=0.7288
EPOCH 456: test_acc=0.7421, disc_loss=0.6421, cls_loss=0.0013, disc_acc=0.5424
EPOCH 457: test_acc=0.7447, disc_loss=0.6428, cls_loss=0.0030, disc_acc=0.6441
EPOCH 458: test_acc=0.7409, disc_loss=0.6365, cls_loss=0.0014, disc_acc=0.6441
EPOCH 459: test_acc=0.7409, disc_loss=0.6302, cls_loss=0.0013, disc_acc=0.5254
EPOCH 460: test_acc=0.7396, disc_loss=0.6270, cls_loss=0.0009, disc_acc=0.7288
EPOCH 461: test_acc=0.7384, disc_loss=0.6322, cls_loss=0.0015, disc_acc=0.5254
EPOCH 462: test_acc=0.7472, disc_loss=0.6275, cls_loss=0.0025, disc_acc=0.6102
EPOCH 463: test_acc=0.7396, disc_loss=0.6386, cls_loss=0.0026, disc_acc=0.5763
EPOCH 464: test_acc=0.7421, disc_loss=0.6395, cls_loss=0.0018, disc_acc=0.6610
EPOCH 465: test_acc=0.7421, disc_loss=0.6393, cls_loss=0.0008, disc_acc=0.5593
EPOCH 466: test_acc=0.7421, disc_loss=0.6394, cls_loss=0.0018, disc_acc=0.6949
EPOCH 467: test_acc=0.7409, disc_loss=0.6373, cls_loss=0.0012, disc_acc=0.6949
EPOCH 468: test_acc=0.7421, disc_loss=0.6413, cls_loss=0.0015, disc_acc=0.5932
EPOCH 469: test_acc=0.7459, disc_loss=0.6449, cls_loss=0.0027, disc_acc=0.6949
EPOCH 470: test_acc=0.7447, disc_loss=0.6334, cls_loss=0.0032, disc_acc=0.5763
EPOCH 471: test_acc=0.7434, disc_loss=0.6341, cls_loss=0.0013, disc_acc=0.5254
EPOCH 472: test_acc=0.7447, disc_loss=0.6433, cls_loss=0.0013, disc_acc=0.5085
EPOCH 473: test_acc=0.7497, disc_loss=0.6354, cls_loss=0.0057, disc_acc=0.5593
EPOCH 474: test_acc=0.7535, disc_loss=0.6434, cls_loss=0.0038, disc_acc=0.7288
EPOCH 475: test_acc=0.7434, disc_loss=0.6408, cls_loss=0.0049, disc_acc=0.5763
EPOCH 476: test_acc=0.7459, disc_loss=0.6375, cls_loss=0.0088, disc_acc=0.6780
EPOCH 477: test_acc=0.7522, disc_loss=0.6316, cls_loss=0.0021, disc_acc=0.6949
EPOCH 478: test_acc=0.7509, disc_loss=0.6372, cls_loss=0.0012, disc_acc=0.6949
EPOCH 479: test_acc=0.7497, disc_loss=0.6251, cls_loss=0.0011, disc_acc=0.5932
EPOCH 480: test_acc=0.7535, disc_loss=0.6439, cls_loss=0.0015, disc_acc=0.6271
EPOCH 481: test_acc=0.7472, disc_loss=0.6452, cls_loss=0.0015, disc_acc=0.4576
EPOCH 482: test_acc=0.7484, disc_loss=0.6382, cls_loss=0.0018, disc_acc=0.6441
EPOCH 483: test_acc=0.7535, disc_loss=0.6470, cls_loss=0.0044, disc_acc=0.5763
EPOCH 484: test_acc=0.7522, disc_loss=0.6330, cls_loss=0.0018, disc_acc=0.5763
EPOCH 485: test_acc=0.7509, disc_loss=0.6393, cls_loss=0.0014, disc_acc=0.5593
EPOCH 486: test_acc=0.7497, disc_loss=0.6421, cls_loss=0.0010, disc_acc=0.5085
EPOCH 487: test_acc=0.7522, disc_loss=0.6332, cls_loss=0.0010, disc_acc=0.6102
EPOCH 488: test_acc=0.7509, disc_loss=0.6245, cls_loss=0.0011, disc_acc=0.6610
EPOCH 489: test_acc=0.7509, disc_loss=0.6274, cls_loss=0.0016, disc_acc=0.6780
EPOCH 490: test_acc=0.7497, disc_loss=0.6225, cls_loss=0.0014, disc_acc=0.5593
EPOCH 491: test_acc=0.7472, disc_loss=0.6383, cls_loss=0.0017, disc_acc=0.6780
EPOCH 492: test_acc=0.7484, disc_loss=0.6371, cls_loss=0.0014, disc_acc=0.5763
EPOCH 493: test_acc=0.7497, disc_loss=0.6414, cls_loss=0.0017, disc_acc=0.6441
EPOCH 494: test_acc=0.7497, disc_loss=0.6379, cls_loss=0.0012, disc_acc=0.5424
EPOCH 495: test_acc=0.7472, disc_loss=0.6379, cls_loss=0.0013, disc_acc=0.6102
EPOCH 496: test_acc=0.7484, disc_loss=0.6279, cls_loss=0.0025, disc_acc=0.5932
EPOCH 497: test_acc=0.7497, disc_loss=0.6390, cls_loss=0.0017, disc_acc=0.6610
EPOCH 498: test_acc=0.7497, disc_loss=0.6276, cls_loss=0.0013, disc_acc=0.5932
EPOCH 499: test_acc=0.7459, disc_loss=0.6334, cls_loss=0.0008, disc_acc=0.6271
save the last epoch model
EPOCH 500: test_acc=0.7484, disc_loss=0.6341, cls_loss=0.0011, disc_acc=0.6949
